<?xml version="1.0" encoding="UTF-8"?>
<testng-results skipped="0" failed="0" total="63" passed="63">
  <reporter-output>
  </reporter-output>
  <suite name="Set de pruebas para Cool" duration-ms="477" started-at="2017-03-09T18:19:30Z" finished-at="2017-03-09T18:19:30Z">
    <groups>
    </groups>
    <test name="Scanner" duration-ms="477" started-at="2017-03-09T18:19:30Z" finished-at="2017-03-09T18:19:30Z">
      <class name="coolc.compiler.ScannerTest">
        <test-method status="PASS" signature="createOutput()[pri:0, instance:coolc.compiler.ScannerTest@7f560810]" name="createOutput" is-config="true" duration-ms="5" started-at="2017-03-09T18:19:30Z" finished-at="2017-03-09T18:19:30Z">
        </test-method>
        <test-method status="PASS" signature="test(java.lang.String, java.lang.String)[pri:0, instance:coolc.compiler.ScannerTest@7f560810]" name="test" duration-ms="49" started-at="2017-03-09T18:19:30Z" finished-at="2017-03-09T18:19:30Z">
          <params>
            <param index="0">
              <value>
                <![CDATA[all_else_true.cl.cool]]>
              </value>
            </param>
            <param index="1">
              <value>
                <![CDATA[ lowercase and uppercase combinations]]>
              </value>
            </param>
          </params>
        </test-method>
        <test-method status="PASS" signature="test(java.lang.String, java.lang.String)[pri:0, instance:coolc.compiler.ScannerTest@7f560810]" name="test" duration-ms="86" started-at="2017-03-09T18:19:30Z" finished-at="2017-03-09T18:19:30Z">
          <params>
            <param index="0">
              <value>
                <![CDATA[arith.cool]]>
              </value>
            </param>
            <param index="1">
              <value>
                <![CDATA[  arith example]]>
              </value>
            </param>
          </params>
        </test-method>
        <test-method status="PASS" signature="test(java.lang.String, java.lang.String)[pri:0, instance:coolc.compiler.ScannerTest@7f560810]" name="test" duration-ms="14" started-at="2017-03-09T18:19:30Z" finished-at="2017-03-09T18:19:30Z">
          <params>
            <param index="0">
              <value>
                <![CDATA[atoi.cool]]>
              </value>
            </param>
            <param index="1">
              <value>
                <![CDATA[ atoi example]]>
              </value>
            </param>
          </params>
        </test-method>
        <test-method status="PASS" signature="test(java.lang.String, java.lang.String)[pri:0, instance:coolc.compiler.ScannerTest@7f560810]" name="test" duration-ms="1" started-at="2017-03-09T18:19:30Z" finished-at="2017-03-09T18:19:30Z">
          <params>
            <param index="0">
              <value>
                <![CDATA[backslash.cool]]>
              </value>
            </param>
            <param index="1">
              <value>
                <![CDATA[ various backslashes in strings]]>
              </value>
            </param>
          </params>
        </test-method>
        <test-method status="PASS" signature="test(java.lang.String, java.lang.String)[pri:0, instance:coolc.compiler.ScannerTest@7f560810]" name="test" duration-ms="4" started-at="2017-03-09T18:19:30Z" finished-at="2017-03-09T18:19:30Z">
          <params>
            <param index="0">
              <value>
                <![CDATA[backslash2.cool]]>
              </value>
            </param>
            <param index="1">
              <value>
                <![CDATA[ more backslashes in strings]]>
              </value>
            </param>
          </params>
        </test-method>
        <test-method status="PASS" signature="test(java.lang.String, java.lang.String)[pri:0, instance:coolc.compiler.ScannerTest@7f560810]" name="test" duration-ms="3" started-at="2017-03-09T18:19:30Z" finished-at="2017-03-09T18:19:30Z">
          <params>
            <param index="0">
              <value>
                <![CDATA[badidentifiers.cool]]>
              </value>
            </param>
            <param index="1">
              <value>
                <![CDATA[ bad identifiers]]>
              </value>
            </param>
          </params>
        </test-method>
        <test-method status="PASS" signature="test(java.lang.String, java.lang.String)[pri:0, instance:coolc.compiler.ScannerTest@7f560810]" name="test" duration-ms="2" started-at="2017-03-09T18:19:30Z" finished-at="2017-03-09T18:19:30Z">
          <params>
            <param index="0">
              <value>
                <![CDATA[badkeywords.cool]]>
              </value>
            </param>
            <param index="1">
              <value>
                <![CDATA[ bad keywords]]>
              </value>
            </param>
          </params>
        </test-method>
        <test-method status="PASS" signature="test(java.lang.String, java.lang.String)[pri:0, instance:coolc.compiler.ScannerTest@7f560810]" name="test" duration-ms="17" started-at="2017-03-09T18:19:30Z" finished-at="2017-03-09T18:19:30Z">
          <params>
            <param index="0">
              <value>
                <![CDATA[book_list.cl.cool]]>
              </value>
            </param>
            <param index="1">
              <value>
                <![CDATA[ sample program]]>
              </value>
            </param>
          </params>
        </test-method>
        <test-method status="PASS" signature="test(java.lang.String, java.lang.String)[pri:0, instance:coolc.compiler.ScannerTest@7f560810]" name="test" duration-ms="2" started-at="2017-03-09T18:19:30Z" finished-at="2017-03-09T18:19:30Z">
          <params>
            <param index="0">
              <value>
                <![CDATA[bothcomments.cool]]>
              </value>
            </param>
            <param index="1">
              <value>
                <![CDATA[ mixing the two types of comments]]>
              </value>
            </param>
          </params>
        </test-method>
        <test-method status="PASS" signature="test(java.lang.String, java.lang.String)[pri:0, instance:coolc.compiler.ScannerTest@7f560810]" name="test" duration-ms="1" started-at="2017-03-09T18:19:30Z" finished-at="2017-03-09T18:19:30Z">
          <params>
            <param index="0">
              <value>
                <![CDATA[comment_in_string.cl.cool]]>
              </value>
            </param>
            <param index="1">
              <value>
                <![CDATA[ comment in string]]>
              </value>
            </param>
          </params>
        </test-method>
        <test-method status="PASS" signature="test(java.lang.String, java.lang.String)[pri:0, instance:coolc.compiler.ScannerTest@7f560810]" name="test" duration-ms="1" started-at="2017-03-09T18:19:30Z" finished-at="2017-03-09T18:19:30Z">
          <params>
            <param index="0">
              <value>
                <![CDATA[endcomment.cool]]>
              </value>
            </param>
            <param index="1">
              <value>
                <![CDATA[ the end comment token by itself]]>
              </value>
            </param>
          </params>
        </test-method>
        <test-method status="PASS" signature="test(java.lang.String, java.lang.String)[pri:0, instance:coolc.compiler.ScannerTest@7f560810]" name="test" duration-ms="1" started-at="2017-03-09T18:19:30Z" finished-at="2017-03-09T18:19:30Z">
          <params>
            <param index="0">
              <value>
                <![CDATA[eofstring.cool]]>
              </value>
            </param>
            <param index="1">
              <value>
                <![CDATA[  eof in a string]]>
              </value>
            </param>
          </params>
        </test-method>
        <test-method status="PASS" signature="test(java.lang.String, java.lang.String)[pri:0, instance:coolc.compiler.ScannerTest@7f560810]" name="test" duration-ms="2" started-at="2017-03-09T18:19:30Z" finished-at="2017-03-09T18:19:30Z">
          <params>
            <param index="0">
              <value>
                <![CDATA[escaped_chars_in_comment.cl.cool]]>
              </value>
            </param>
            <param index="1">
              <value>
                <![CDATA[ escaped chars in comment]]>
              </value>
            </param>
          </params>
        </test-method>
        <test-method status="PASS" signature="test(java.lang.String, java.lang.String)[pri:0, instance:coolc.compiler.ScannerTest@7f560810]" name="test" duration-ms="2" started-at="2017-03-09T18:19:30Z" finished-at="2017-03-09T18:19:30Z">
          <params>
            <param index="0">
              <value>
                <![CDATA[escapedeof.cool]]>
              </value>
            </param>
            <param index="1">
              <value>
                <![CDATA[ escaped eof in a string]]>
              </value>
            </param>
          </params>
        </test-method>
        <test-method status="PASS" signature="test(java.lang.String, java.lang.String)[pri:0, instance:coolc.compiler.ScannerTest@7f560810]" name="test" duration-ms="1" started-at="2017-03-09T18:19:30Z" finished-at="2017-03-09T18:19:30Z">
          <params>
            <param index="0">
              <value>
                <![CDATA[escapednull.cool]]>
              </value>
            </param>
            <param index="1">
              <value>
                <![CDATA[ escaped null char in a string]]>
              </value>
            </param>
          </params>
        </test-method>
        <test-method status="PASS" signature="test(java.lang.String, java.lang.String)[pri:0, instance:coolc.compiler.ScannerTest@7f560810]" name="test" duration-ms="2" started-at="2017-03-09T18:19:30Z" finished-at="2017-03-09T18:19:30Z">
          <params>
            <param index="0">
              <value>
                <![CDATA[escapedquote.cool]]>
              </value>
            </param>
            <param index="1">
              <value>
                <![CDATA[ escaped quote]]>
              </value>
            </param>
          </params>
        </test-method>
        <test-method status="PASS" signature="test(java.lang.String, java.lang.String)[pri:0, instance:coolc.compiler.ScannerTest@7f560810]" name="test" duration-ms="2" started-at="2017-03-09T18:19:30Z" finished-at="2017-03-09T18:19:30Z">
          <params>
            <param index="0">
              <value>
                <![CDATA[escapedunprintables.cool]]>
              </value>
            </param>
            <param index="1">
              <value>
                <![CDATA[ escaped nonprinting chars]]>
              </value>
            </param>
          </params>
        </test-method>
        <test-method status="PASS" signature="test(java.lang.String, java.lang.String)[pri:0, instance:coolc.compiler.ScannerTest@7f560810]" name="test" duration-ms="15" started-at="2017-03-09T18:19:30Z" finished-at="2017-03-09T18:19:30Z">
          <params>
            <param index="0">
              <value>
                <![CDATA[hairyscary.cool]]>
              </value>
            </param>
            <param index="1">
              <value>
                <![CDATA[ hairyscary example]]>
              </value>
            </param>
          </params>
        </test-method>
        <test-method status="PASS" signature="test(java.lang.String, java.lang.String)[pri:0, instance:coolc.compiler.ScannerTest@7f560810]" name="test" duration-ms="3" started-at="2017-03-09T18:19:30Z" finished-at="2017-03-09T18:19:30Z">
          <params>
            <param index="0">
              <value>
                <![CDATA[integers2.cool]]>
              </value>
            </param>
            <param index="1">
              <value>
                <![CDATA[ less typical integers]]>
              </value>
            </param>
          </params>
        </test-method>
        <test-method status="PASS" signature="test(java.lang.String, java.lang.String)[pri:0, instance:coolc.compiler.ScannerTest@7f560810]" name="test" duration-ms="2" started-at="2017-03-09T18:19:30Z" finished-at="2017-03-09T18:19:30Z">
          <params>
            <param index="0">
              <value>
                <![CDATA[invalidcharacters.cool]]>
              </value>
            </param>
            <param index="1">
              <value>
                <![CDATA[ characters not in the cool language]]>
              </value>
            </param>
          </params>
        </test-method>
        <test-method status="PASS" signature="test(java.lang.String, java.lang.String)[pri:0, instance:coolc.compiler.ScannerTest@7f560810]" name="test" duration-ms="1" started-at="2017-03-09T18:19:30Z" finished-at="2017-03-09T18:19:30Z">
          <params>
            <param index="0">
              <value>
                <![CDATA[invalidinvisible.cool]]>
              </value>
            </param>
            <param index="1">
              <value>
                <![CDATA[ unprintable characters not allowed in cool]]>
              </value>
            </param>
          </params>
        </test-method>
        <test-method status="PASS" signature="test(java.lang.String, java.lang.String)[pri:0, instance:coolc.compiler.ScannerTest@7f560810]" name="test" duration-ms="8" started-at="2017-03-09T18:19:30Z" finished-at="2017-03-09T18:19:30Z">
          <params>
            <param index="0">
              <value>
                <![CDATA[io.cool]]>
              </value>
            </param>
            <param index="1">
              <value>
                <![CDATA[ io example]]>
              </value>
            </param>
          </params>
        </test-method>
        <test-method status="PASS" signature="test(java.lang.String, java.lang.String)[pri:0, instance:coolc.compiler.ScannerTest@7f560810]" name="test" duration-ms="4" started-at="2017-03-09T18:19:30Z" finished-at="2017-03-09T18:19:30Z">
          <params>
            <param index="0">
              <value>
                <![CDATA[keywords.cool]]>
              </value>
            </param>
            <param index="1">
              <value>
                <![CDATA[ all of the keywords]]>
              </value>
            </param>
          </params>
        </test-method>
        <test-method status="PASS" signature="test(java.lang.String, java.lang.String)[pri:0, instance:coolc.compiler.ScannerTest@7f560810]" name="test" duration-ms="49" started-at="2017-03-09T18:19:30Z" finished-at="2017-03-09T18:19:30Z">
          <params>
            <param index="0">
              <value>
                <![CDATA[life.cool]]>
              </value>
            </param>
            <param index="1">
              <value>
                <![CDATA[ the life program]]>
              </value>
            </param>
          </params>
        </test-method>
        <test-method status="PASS" signature="test(java.lang.String, java.lang.String)[pri:0, instance:coolc.compiler.ScannerTest@7f560810]" name="test" duration-ms="1" started-at="2017-03-09T18:19:30Z" finished-at="2017-03-09T18:19:30Z">
          <params>
            <param index="0">
              <value>
                <![CDATA[lineno2.cool]]>
              </value>
            </param>
            <param index="1">
              <value>
                <![CDATA[ line number test 2]]>
              </value>
            </param>
          </params>
        </test-method>
        <test-method status="PASS" signature="test(java.lang.String, java.lang.String)[pri:0, instance:coolc.compiler.ScannerTest@7f560810]" name="test" duration-ms="1" started-at="2017-03-09T18:19:30Z" finished-at="2017-03-09T18:19:30Z">
          <params>
            <param index="0">
              <value>
                <![CDATA[lineno3.cool]]>
              </value>
            </param>
            <param index="1">
              <value>
                <![CDATA[ line number test 3]]>
              </value>
            </param>
          </params>
        </test-method>
        <test-method status="PASS" signature="test(java.lang.String, java.lang.String)[pri:0, instance:coolc.compiler.ScannerTest@7f560810]" name="test" duration-ms="2" started-at="2017-03-09T18:19:30Z" finished-at="2017-03-09T18:19:30Z">
          <params>
            <param index="0">
              <value>
                <![CDATA[longcomment.cool]]>
              </value>
            </param>
            <param index="1">
              <value>
                <![CDATA[ a long comment test]]>
              </value>
            </param>
          </params>
        </test-method>
        <test-method status="PASS" signature="test(java.lang.String, java.lang.String)[pri:0, instance:coolc.compiler.ScannerTest@7f560810]" name="test" duration-ms="11" started-at="2017-03-09T18:19:30Z" finished-at="2017-03-09T18:19:30Z">
          <params>
            <param index="0">
              <value>
                <![CDATA[longstring_escapedbackslashes.cool]]>
              </value>
            </param>
            <param index="1">
              <value>
                <![CDATA[ long strings with escaped characters]]>
              </value>
            </param>
          </params>
        </test-method>
        <test-method status="PASS" signature="test(java.lang.String, java.lang.String)[pri:0, instance:coolc.compiler.ScannerTest@7f560810]" name="test" duration-ms="3" started-at="2017-03-09T18:19:30Z" finished-at="2017-03-09T18:19:30Z">
          <params>
            <param index="0">
              <value>
                <![CDATA[multilinecomment.cool]]>
              </value>
            </param>
            <param index="1">
              <value>
                <![CDATA[ simple test of a multiline comment]]>
              </value>
            </param>
          </params>
        </test-method>
        <test-method status="PASS" signature="test(java.lang.String, java.lang.String)[pri:0, instance:coolc.compiler.ScannerTest@7f560810]" name="test" duration-ms="4" started-at="2017-03-09T18:19:30Z" finished-at="2017-03-09T18:19:30Z">
          <params>
            <param index="0">
              <value>
                <![CDATA[nestedcomment.cool]]>
              </value>
            </param>
            <param index="1">
              <value>
                <![CDATA[ nested comment]]>
              </value>
            </param>
          </params>
        </test-method>
        <test-method status="PASS" signature="test(java.lang.String, java.lang.String)[pri:0, instance:coolc.compiler.ScannerTest@7f560810]" name="test" duration-ms="11" started-at="2017-03-09T18:19:30Z" finished-at="2017-03-09T18:19:30Z">
          <params>
            <param index="0">
              <value>
                <![CDATA[new_complex.cool]]>
              </value>
            </param>
            <param index="1">
              <value>
                <![CDATA[ a short program]]>
              </value>
            </param>
          </params>
        </test-method>
        <test-method status="PASS" signature="test(java.lang.String, java.lang.String)[pri:0, instance:coolc.compiler.ScannerTest@7f560810]" name="test" duration-ms="1" started-at="2017-03-09T18:19:30Z" finished-at="2017-03-09T18:19:30Z">
          <params>
            <param index="0">
              <value>
                <![CDATA[null_in_code.cl.cool]]>
              </value>
            </param>
            <param index="1">
              <value>
                <![CDATA[ null char in code]]>
              </value>
            </param>
          </params>
        </test-method>
        <test-method status="PASS" signature="test(java.lang.String, java.lang.String)[pri:0, instance:coolc.compiler.ScannerTest@7f560810]" name="test" duration-ms="2" started-at="2017-03-09T18:19:30Z" finished-at="2017-03-09T18:19:30Z">
          <params>
            <param index="0">
              <value>
                <![CDATA[null_in_string.cl.cool]]>
              </value>
            </param>
            <param index="1">
              <value>
                <![CDATA[ null char in string]]>
              </value>
            </param>
          </params>
        </test-method>
        <test-method status="PASS" signature="test(java.lang.String, java.lang.String)[pri:0, instance:coolc.compiler.ScannerTest@7f560810]" name="test" duration-ms="2" started-at="2017-03-09T18:19:30Z" finished-at="2017-03-09T18:19:30Z">
          <params>
            <param index="0">
              <value>
                <![CDATA[null_in_string_followed_by_tokens.cl.cool]]>
              </value>
            </param>
            <param index="1">
              <value>
                <![CDATA[ null char in string, then tokens]]>
              </value>
            </param>
          </params>
        </test-method>
        <test-method status="PASS" signature="test(java.lang.String, java.lang.String)[pri:0, instance:coolc.compiler.ScannerTest@7f560810]" name="test" duration-ms="1" started-at="2017-03-09T18:19:30Z" finished-at="2017-03-09T18:19:30Z">
          <params>
            <param index="0">
              <value>
                <![CDATA[null_in_string_unescaped_newline.cl.cool]]>
              </value>
            </param>
            <param index="1">
              <value>
                <![CDATA[ null and unescaped newline in string]]>
              </value>
            </param>
          </params>
        </test-method>
        <test-method status="PASS" signature="test(java.lang.String, java.lang.String)[pri:0, instance:coolc.compiler.ScannerTest@7f560810]" name="test" duration-ms="4" started-at="2017-03-09T18:19:30Z" finished-at="2017-03-09T18:19:30Z">
          <params>
            <param index="0">
              <value>
                <![CDATA[objectid.test.cool]]>
              </value>
            </param>
            <param index="1">
              <value>
                <![CDATA[ objectids]]>
              </value>
            </param>
          </params>
        </test-method>
        <test-method status="PASS" signature="test(java.lang.String, java.lang.String)[pri:0, instance:coolc.compiler.ScannerTest@7f560810]" name="test" duration-ms="2" started-at="2017-03-09T18:19:30Z" finished-at="2017-03-09T18:19:30Z">
          <params>
            <param index="0">
              <value>
                <![CDATA[opencomment.cool]]>
              </value>
            </param>
            <param index="1">
              <value>
                <![CDATA[ no matching closing comment]]>
              </value>
            </param>
          </params>
        </test-method>
        <test-method status="PASS" signature="test(java.lang.String, java.lang.String)[pri:0, instance:coolc.compiler.ScannerTest@7f560810]" name="test" duration-ms="3" started-at="2017-03-09T18:19:30Z" finished-at="2017-03-09T18:19:30Z">
          <params>
            <param index="0">
              <value>
                <![CDATA[operators.cool]]>
              </value>
            </param>
            <param index="1">
              <value>
                <![CDATA[ some operators]]>
              </value>
            </param>
          </params>
        </test-method>
        <test-method status="PASS" signature="test(java.lang.String, java.lang.String)[pri:0, instance:coolc.compiler.ScannerTest@7f560810]" name="test" duration-ms="6" started-at="2017-03-09T18:19:30Z" finished-at="2017-03-09T18:19:30Z">
          <params>
            <param index="0">
              <value>
                <![CDATA[palindrome.cool]]>
              </value>
            </param>
            <param index="1">
              <value>
                <![CDATA[ palindrome example]]>
              </value>
            </param>
          </params>
        </test-method>
        <test-method status="PASS" signature="test(java.lang.String, java.lang.String)[pri:0, instance:coolc.compiler.ScannerTest@7f560810]" name="test" duration-ms="4" started-at="2017-03-09T18:19:30Z" finished-at="2017-03-09T18:19:30Z">
          <params>
            <param index="0">
              <value>
                <![CDATA[pathologicalstrings.cool]]>
              </value>
            </param>
            <param index="1">
              <value>
                <![CDATA[ some pathological strings]]>
              </value>
            </param>
          </params>
        </test-method>
        <test-method status="PASS" signature="test(java.lang.String, java.lang.String)[pri:0, instance:coolc.compiler.ScannerTest@7f560810]" name="test" duration-ms="1" started-at="2017-03-09T18:19:30Z" finished-at="2017-03-09T18:19:30Z">
          <params>
            <param index="0">
              <value>
                <![CDATA[s03.test.cool]]>
              </value>
            </param>
            <param index="1">
              <value>
                <![CDATA[ EOF in single-line comment]]>
              </value>
            </param>
          </params>
        </test-method>
        <test-method status="PASS" signature="test(java.lang.String, java.lang.String)[pri:0, instance:coolc.compiler.ScannerTest@7f560810]" name="test" duration-ms="1" started-at="2017-03-09T18:19:30Z" finished-at="2017-03-09T18:19:30Z">
          <params>
            <param index="0">
              <value>
                <![CDATA[s04.test.cool]]>
              </value>
            </param>
            <param index="1">
              <value>
                <![CDATA[ different types of whitespaces]]>
              </value>
            </param>
          </params>
        </test-method>
        <test-method status="PASS" signature="test(java.lang.String, java.lang.String)[pri:0, instance:coolc.compiler.ScannerTest@7f560810]" name="test" duration-ms="1" started-at="2017-03-09T18:19:30Z" finished-at="2017-03-09T18:19:30Z">
          <params>
            <param index="0">
              <value>
                <![CDATA[s05.test.cool]]>
              </value>
            </param>
            <param index="1">
              <value>
                <![CDATA[ whitespaces in string]]>
              </value>
            </param>
          </params>
        </test-method>
        <test-method status="PASS" signature="test(java.lang.String, java.lang.String)[pri:0, instance:coolc.compiler.ScannerTest@7f560810]" name="test" duration-ms="1" started-at="2017-03-09T18:19:30Z" finished-at="2017-03-09T18:19:30Z">
          <params>
            <param index="0">
              <value>
                <![CDATA[s14.test.cool]]>
              </value>
            </param>
            <param index="1">
              <value>
                <![CDATA[ comment **)]]>
              </value>
            </param>
          </params>
        </test-method>
        <test-method status="PASS" signature="test(java.lang.String, java.lang.String)[pri:0, instance:coolc.compiler.ScannerTest@7f560810]" name="test" duration-ms="2" started-at="2017-03-09T18:19:30Z" finished-at="2017-03-09T18:19:30Z">
          <params>
            <param index="0">
              <value>
                <![CDATA[s16.test.cool]]>
              </value>
            </param>
            <param index="1">
              <value>
                <![CDATA[ big integers]]>
              </value>
            </param>
          </params>
        </test-method>
        <test-method status="PASS" signature="test(java.lang.String, java.lang.String)[pri:0, instance:coolc.compiler.ScannerTest@7f560810]" name="test" duration-ms="2" started-at="2017-03-09T18:19:30Z" finished-at="2017-03-09T18:19:30Z">
          <params>
            <param index="0">
              <value>
                <![CDATA[s19.test.cool]]>
              </value>
            </param>
            <param index="1">
              <value>
                <![CDATA[ unescaped newline]]>
              </value>
            </param>
          </params>
        </test-method>
        <test-method status="PASS" signature="test(java.lang.String, java.lang.String)[pri:0, instance:coolc.compiler.ScannerTest@7f560810]" name="test" duration-ms="2" started-at="2017-03-09T18:19:30Z" finished-at="2017-03-09T18:19:30Z">
          <params>
            <param index="0">
              <value>
                <![CDATA[s25.test.cool]]>
              </value>
            </param>
            <param index="1">
              <value>
                <![CDATA[ object and type id]]>
              </value>
            </param>
          </params>
        </test-method>
        <test-method status="PASS" signature="test(java.lang.String, java.lang.String)[pri:0, instance:coolc.compiler.ScannerTest@7f560810]" name="test" duration-ms="1" started-at="2017-03-09T18:19:30Z" finished-at="2017-03-09T18:19:30Z">
          <params>
            <param index="0">
              <value>
                <![CDATA[s26.test.cool]]>
              </value>
            </param>
            <param index="1">
              <value>
                <![CDATA[ number and object id]]>
              </value>
            </param>
          </params>
        </test-method>
        <test-method status="PASS" signature="test(java.lang.String, java.lang.String)[pri:0, instance:coolc.compiler.ScannerTest@7f560810]" name="test" duration-ms="1" started-at="2017-03-09T18:19:30Z" finished-at="2017-03-09T18:19:30Z">
          <params>
            <param index="0">
              <value>
                <![CDATA[s31.test.cool]]>
              </value>
            </param>
            <param index="1">
              <value>
                <![CDATA[ leading underscore]]>
              </value>
            </param>
          </params>
        </test-method>
        <test-method status="PASS" signature="test(java.lang.String, java.lang.String)[pri:0, instance:coolc.compiler.ScannerTest@7f560810]" name="test" duration-ms="1" started-at="2017-03-09T18:19:30Z" finished-at="2017-03-09T18:19:30Z">
          <params>
            <param index="0">
              <value>
                <![CDATA[s32.test.cool]]>
              </value>
            </param>
            <param index="1">
              <value>
                <![CDATA[ end of comment without start]]>
              </value>
            </param>
          </params>
        </test-method>
        <test-method status="PASS" signature="test(java.lang.String, java.lang.String)[pri:0, instance:coolc.compiler.ScannerTest@7f560810]" name="test" duration-ms="1" started-at="2017-03-09T18:19:30Z" finished-at="2017-03-09T18:19:30Z">
          <params>
            <param index="0">
              <value>
                <![CDATA[s33.test.cool]]>
              </value>
            </param>
            <param index="1">
              <value>
                <![CDATA[ unterminated comment]]>
              </value>
            </param>
          </params>
        </test-method>
        <test-method status="PASS" signature="test(java.lang.String, java.lang.String)[pri:0, instance:coolc.compiler.ScannerTest@7f560810]" name="test" duration-ms="1" started-at="2017-03-09T18:19:30Z" finished-at="2017-03-09T18:19:30Z">
          <params>
            <param index="0">
              <value>
                <![CDATA[s34.test.cool]]>
              </value>
            </param>
            <param index="1">
              <value>
                <![CDATA[ unterminated string]]>
              </value>
            </param>
          </params>
        </test-method>
        <test-method status="PASS" signature="test(java.lang.String, java.lang.String)[pri:0, instance:coolc.compiler.ScannerTest@7f560810]" name="test" duration-ms="2" started-at="2017-03-09T18:19:30Z" finished-at="2017-03-09T18:19:30Z">
          <params>
            <param index="0">
              <value>
                <![CDATA[simplestrings.cool]]>
              </value>
            </param>
            <param index="1">
              <value>
                <![CDATA[ simple strings ]]>
              </value>
            </param>
          </params>
        </test-method>
        <test-method status="PASS" signature="test(java.lang.String, java.lang.String)[pri:0, instance:coolc.compiler.ScannerTest@7f560810]" name="test" duration-ms="25" started-at="2017-03-09T18:19:30Z" finished-at="2017-03-09T18:19:30Z">
          <params>
            <param index="0">
              <value>
                <![CDATA[sort_list.cl.cool]]>
              </value>
            </param>
            <param index="1">
              <value>
                <![CDATA[ sample program]]>
              </value>
            </param>
          </params>
        </test-method>
        <test-method status="PASS" signature="test(java.lang.String, java.lang.String)[pri:0, instance:coolc.compiler.ScannerTest@7f560810]" name="test" duration-ms="2" started-at="2017-03-09T18:19:30Z" finished-at="2017-03-09T18:19:30Z">
          <params>
            <param index="0">
              <value>
                <![CDATA[stringcomment.cool]]>
              </value>
            </param>
            <param index="1">
              <value>
                <![CDATA[ strings and comments]]>
              </value>
            </param>
          </params>
        </test-method>
        <test-method status="PASS" signature="test(java.lang.String, java.lang.String)[pri:0, instance:coolc.compiler.ScannerTest@7f560810]" name="test" duration-ms="6" started-at="2017-03-09T18:19:30Z" finished-at="2017-03-09T18:19:30Z">
          <params>
            <param index="0">
              <value>
                <![CDATA[stringwithescapes.cool]]>
              </value>
            </param>
            <param index="1">
              <value>
                <![CDATA[ a long string with escaped characters]]>
              </value>
            </param>
          </params>
        </test-method>
        <test-method status="PASS" signature="test(java.lang.String, java.lang.String)[pri:0, instance:coolc.compiler.ScannerTest@7f560810]" name="test" duration-ms="16" started-at="2017-03-09T18:19:30Z" finished-at="2017-03-09T18:19:30Z">
          <params>
            <param index="0">
              <value>
                <![CDATA[twice_512_nested_comments.cl.cool]]>
              </value>
            </param>
            <param index="1">
              <value>
                <![CDATA[ many nested comments]]>
              </value>
            </param>
          </params>
        </test-method>
        <test-method status="PASS" signature="test(java.lang.String, java.lang.String)[pri:0, instance:coolc.compiler.ScannerTest@7f560810]" name="test" duration-ms="3" started-at="2017-03-09T18:19:30Z" finished-at="2017-03-09T18:19:30Z">
          <params>
            <param index="0">
              <value>
                <![CDATA[validcharacters.cool]]>
              </value>
            </param>
            <param index="1">
              <value>
                <![CDATA[ a bunch of characters in the cool language ]]>
              </value>
            </param>
          </params>
        </test-method>
        <test-method status="PASS" signature="test(java.lang.String, java.lang.String)[pri:0, instance:coolc.compiler.ScannerTest@7f560810]" name="test" duration-ms="2" started-at="2017-03-09T18:19:30Z" finished-at="2017-03-09T18:19:30Z">
          <params>
            <param index="0">
              <value>
                <![CDATA[weirdcharcomment.cool]]>
              </value>
            </param>
            <param index="1">
              <value>
                <![CDATA[ various binary characters in a comment]]>
              </value>
            </param>
          </params>
        </test-method>
        <test-method status="PASS" signature="test(java.lang.String, java.lang.String)[pri:0, instance:coolc.compiler.ScannerTest@7f560810]" name="test" duration-ms="2" started-at="2017-03-09T18:19:30Z" finished-at="2017-03-09T18:19:30Z">
          <params>
            <param index="0">
              <value>
                <![CDATA[wq0607-c1.cool]]>
              </value>
            </param>
            <param index="1">
              <value>
                <![CDATA[ sequences of one line comments and strings]]>
              </value>
            </param>
          </params>
        </test-method>
        <test-method status="PASS" signature="test(java.lang.String, java.lang.String)[pri:0, instance:coolc.compiler.ScannerTest@7f560810]" name="test" duration-ms="2" started-at="2017-03-09T18:19:30Z" finished-at="2017-03-09T18:19:30Z">
          <params>
            <param index="0">
              <value>
                <![CDATA[wq0607-c2.cool]]>
              </value>
            </param>
            <param index="1">
              <value>
                <![CDATA[ sequences of block comments and strings]]>
              </value>
            </param>
          </params>
        </test-method>
        <test-method status="PASS" signature="test(java.lang.String, java.lang.String)[pri:0, instance:coolc.compiler.ScannerTest@7f560810]" name="test" duration-ms="2" started-at="2017-03-09T18:19:30Z" finished-at="2017-03-09T18:19:30Z">
          <params>
            <param index="0">
              <value>
                <![CDATA[wq0607-c3.cool]]>
              </value>
            </param>
            <param index="1">
              <value>
                <![CDATA[ sequence of quotes and backslashes]]>
              </value>
            </param>
          </params>
        </test-method>
        <test-method status="PASS" signature="test(java.lang.String, java.lang.String)[pri:0, instance:coolc.compiler.ScannerTest@7f560810]" name="test" duration-ms="3" started-at="2017-03-09T18:19:30Z" finished-at="2017-03-09T18:19:30Z">
          <params>
            <param index="0">
              <value>
                <![CDATA[wq0607-c4.cool]]>
              </value>
            </param>
            <param index="1">
              <value>
                <![CDATA[ sequence of quotes, backslashes, and double-dash comment symbols]]>
              </value>
            </param>
          </params>
        </test-method>
      </class>
    </test>
  </suite>
</testng-results>
