<?xml version="1.0" encoding="UTF-8"?>
<!-- Generated by org.testng.reporters.JUnitXMLReporter -->
<testsuite hostname="LX" name="Scanner" tests="63" failures="0" timestamp="10 Mar 2017 00:19:30 GMT" time="0.477" errors="0">
  <testcase name="test" time="0.049" classname="coolc.compiler.ScannerTest"/>
  <testcase name="test" time="0.086" classname="coolc.compiler.ScannerTest"/>
  <testcase name="test" time="0.014" classname="coolc.compiler.ScannerTest"/>
  <testcase name="test" time="0.001" classname="coolc.compiler.ScannerTest"/>
  <testcase name="test" time="0.004" classname="coolc.compiler.ScannerTest"/>
  <testcase name="test" time="0.003" classname="coolc.compiler.ScannerTest"/>
  <testcase name="test" time="0.002" classname="coolc.compiler.ScannerTest"/>
  <testcase name="test" time="0.017" classname="coolc.compiler.ScannerTest"/>
  <testcase name="test" time="0.002" classname="coolc.compiler.ScannerTest"/>
  <testcase name="test" time="0.001" classname="coolc.compiler.ScannerTest"/>
  <testcase name="test" time="0.001" classname="coolc.compiler.ScannerTest"/>
  <testcase name="test" time="0.001" classname="coolc.compiler.ScannerTest"/>
  <testcase name="test" time="0.002" classname="coolc.compiler.ScannerTest"/>
  <testcase name="test" time="0.002" classname="coolc.compiler.ScannerTest"/>
  <testcase name="test" time="0.001" classname="coolc.compiler.ScannerTest"/>
  <testcase name="test" time="0.002" classname="coolc.compiler.ScannerTest"/>
  <testcase name="test" time="0.002" classname="coolc.compiler.ScannerTest"/>
  <testcase name="test" time="0.015" classname="coolc.compiler.ScannerTest"/>
  <testcase name="test" time="0.003" classname="coolc.compiler.ScannerTest"/>
  <testcase name="test" time="0.002" classname="coolc.compiler.ScannerTest"/>
  <testcase name="test" time="0.001" classname="coolc.compiler.ScannerTest"/>
  <testcase name="test" time="0.008" classname="coolc.compiler.ScannerTest"/>
  <testcase name="test" time="0.004" classname="coolc.compiler.ScannerTest"/>
  <testcase name="test" time="0.049" classname="coolc.compiler.ScannerTest"/>
  <testcase name="test" time="0.001" classname="coolc.compiler.ScannerTest"/>
  <testcase name="test" time="0.001" classname="coolc.compiler.ScannerTest"/>
  <testcase name="test" time="0.002" classname="coolc.compiler.ScannerTest"/>
  <testcase name="test" time="0.011" classname="coolc.compiler.ScannerTest"/>
  <testcase name="test" time="0.003" classname="coolc.compiler.ScannerTest"/>
  <testcase name="test" time="0.004" classname="coolc.compiler.ScannerTest"/>
  <testcase name="test" time="0.011" classname="coolc.compiler.ScannerTest"/>
  <testcase name="test" time="0.001" classname="coolc.compiler.ScannerTest"/>
  <testcase name="test" time="0.002" classname="coolc.compiler.ScannerTest"/>
  <testcase name="test" time="0.002" classname="coolc.compiler.ScannerTest"/>
  <testcase name="test" time="0.001" classname="coolc.compiler.ScannerTest"/>
  <testcase name="test" time="0.004" classname="coolc.compiler.ScannerTest"/>
  <testcase name="test" time="0.002" classname="coolc.compiler.ScannerTest"/>
  <testcase name="test" time="0.003" classname="coolc.compiler.ScannerTest"/>
  <testcase name="test" time="0.006" classname="coolc.compiler.ScannerTest"/>
  <testcase name="test" time="0.004" classname="coolc.compiler.ScannerTest"/>
  <testcase name="test" time="0.001" classname="coolc.compiler.ScannerTest"/>
  <testcase name="test" time="0.001" classname="coolc.compiler.ScannerTest"/>
  <testcase name="test" time="0.001" classname="coolc.compiler.ScannerTest"/>
  <testcase name="test" time="0.001" classname="coolc.compiler.ScannerTest"/>
  <testcase name="test" time="0.002" classname="coolc.compiler.ScannerTest"/>
  <testcase name="test" time="0.002" classname="coolc.compiler.ScannerTest"/>
  <testcase name="test" time="0.002" classname="coolc.compiler.ScannerTest"/>
  <testcase name="test" time="0.001" classname="coolc.compiler.ScannerTest"/>
  <testcase name="test" time="0.001" classname="coolc.compiler.ScannerTest"/>
  <testcase name="test" time="0.001" classname="coolc.compiler.ScannerTest"/>
  <testcase name="test" time="0.001" classname="coolc.compiler.ScannerTest"/>
  <testcase name="test" time="0.001" classname="coolc.compiler.ScannerTest"/>
  <testcase name="test" time="0.002" classname="coolc.compiler.ScannerTest"/>
  <testcase name="test" time="0.025" classname="coolc.compiler.ScannerTest"/>
  <testcase name="test" time="0.002" classname="coolc.compiler.ScannerTest"/>
  <testcase name="test" time="0.006" classname="coolc.compiler.ScannerTest"/>
  <testcase name="test" time="0.016" classname="coolc.compiler.ScannerTest"/>
  <testcase name="test" time="0.003" classname="coolc.compiler.ScannerTest"/>
  <testcase name="test" time="0.002" classname="coolc.compiler.ScannerTest"/>
  <testcase name="test" time="0.002" classname="coolc.compiler.ScannerTest"/>
  <testcase name="test" time="0.002" classname="coolc.compiler.ScannerTest"/>
  <testcase name="test" time="0.002" classname="coolc.compiler.ScannerTest"/>
  <testcase name="test" time="0.003" classname="coolc.compiler.ScannerTest"/>
</testsuite>
